Resolved 74 packages in 0.40ms
Audited 37 packages in 0.02ms
WARNING: This is a development server. Do not use it in a production deployment. Use a production WSGI server instead.
 * Running on all addresses (0.0.0.0)
 * Running on http://127.0.0.1:5678
 * Running on http://192.168.1.153:5678
Press CTRL+C to quit
127.0.0.1 - - [11/Sep/2025 11:29:24] "POST /save_and_stop HTTP/1.1" 200 -
127.0.0.1 - - [11/Sep/2025 11:29:32] "POST /startwalk HTTP/1.1" 200 -
127.0.0.1 - - [11/Sep/2025 11:32:46] "POST /save_and_stop HTTP/1.1" 200 -
127.0.0.1 - - [11/Sep/2025 11:34:11] "POST /startwalk HTTP/1.1" 200 -
127.0.0.1 - - [11/Sep/2025 11:58:50] "POST /save_and_stop HTTP/1.1" 500 -
127.0.0.1 - - [11/Sep/2025 14:23:32] "POST /startwalk HTTP/1.1" 500 -
127.0.0.1 - - [11/Sep/2025 17:50:34] "POST /startwalk HTTP/1.1" 500 -
Resolved 74 packages in 13ms
Audited 37 packages in 0.24ms
WARNING: This is a development server. Do not use it in a production deployment. Use a production WSGI server instead.
 * Running on all addresses (0.0.0.0)
 * Running on http://127.0.0.1:5678
 * Running on http://192.168.1.172:5678
Press CTRL+C to quit
Future exception was never retrieved
future: <Future finished exception=BleakError('disconnected')>
bleak.exc.BleakError: disconnected
Future exception was never retrieved
future: <Future finished exception=BleakError('disconnected')>
bleak.exc.BleakError: disconnected
Future exception was never retrieved
future: <Future finished exception=BleakError('disconnected')>
bleak.exc.BleakError: disconnected
Future exception was never retrieved
future: <Future finished exception=BleakError('disconnected')>
bleak.exc.BleakError: disconnected
Future exception was never retrieved
future: <Future finished exception=BleakError('disconnected')>
bleak.exc.BleakError: disconnected
Future exception was never retrieved
future: <Future finished exception=BleakError('disconnected')>
bleak.exc.BleakError: disconnected
Future exception was never retrieved
future: <Future finished exception=BleakError('disconnected')>
bleak.exc.BleakError: disconnected
Future exception was never retrieved
future: <Future finished exception=BleakError('disconnected')>
bleak.exc.BleakError: disconnected
Future exception was never retrieved
future: <Future finished exception=BleakError('disconnected')>
bleak.exc.BleakError: disconnected
Future exception was never retrieved
future: <Future finished exception=BleakError('disconnected')>
bleak.exc.BleakError: disconnected
Future exception was never retrieved
future: <Future finished exception=BleakError('disconnected')>
bleak.exc.BleakError: disconnected
Future exception was never retrieved
future: <Future finished exception=BleakError('disconnected')>
bleak.exc.BleakError: disconnected
Future exception was never retrieved
future: <Future finished exception=BleakError('disconnected')>
bleak.exc.BleakError: disconnected
Future exception was never retrieved
future: <Future finished exception=BleakError('disconnected')>
bleak.exc.BleakError: disconnected
Future exception was never retrieved
future: <Future finished exception=BleakError('disconnected')>
bleak.exc.BleakError: disconnected
Future exception was never retrieved
future: <Future finished exception=BleakError('disconnected')>
bleak.exc.BleakError: disconnected
Future exception was never retrieved
future: <Future finished exception=BleakError('disconnected')>
bleak.exc.BleakError: disconnected
Future exception was never retrieved
future: <Future finished exception=BleakError('disconnected')>
bleak.exc.BleakError: disconnected
Future exception was never retrieved
future: <Future finished exception=BleakError('disconnected')>
bleak.exc.BleakError: disconnected
Future exception was never retrieved
future: <Future finished exception=BleakError('disconnected')>
bleak.exc.BleakError: disconnected
Future exception was never retrieved
future: <Future finished exception=BleakError('disconnected')>
bleak.exc.BleakError: disconnected
Future exception was never retrieved
future: <Future finished exception=BleakError('disconnected')>
bleak.exc.BleakError: disconnected
Future exception was never retrieved
future: <Future finished exception=BleakError('disconnected')>
bleak.exc.BleakError: disconnected
Future exception was never retrieved
future: <Future finished exception=BleakError('disconnected')>
bleak.exc.BleakError: disconnected
Future exception was never retrieved
future: <Future finished exception=BleakError('disconnected')>
bleak.exc.BleakError: disconnected
Future exception was never retrieved
future: <Future finished exception=BleakError('disconnected')>
bleak.exc.BleakError: disconnected
Future exception was never retrieved
future: <Future finished exception=BleakError('disconnected')>
bleak.exc.BleakError: disconnected
Future exception was never retrieved
future: <Future finished exception=BleakError('disconnected')>
bleak.exc.BleakError: disconnected
Future exception was never retrieved
future: <Future finished exception=BleakError('disconnected')>
bleak.exc.BleakError: disconnected
Future exception was never retrieved
future: <Future finished exception=BleakError('disconnected')>
bleak.exc.BleakError: disconnected
Future exception was never retrieved
future: <Future finished exception=BleakError('disconnected')>
bleak.exc.BleakError: disconnected
Future exception was never retrieved
future: <Future finished exception=BleakError('disconnected')>
bleak.exc.BleakError: disconnected
Future exception was never retrieved
future: <Future finished exception=BleakError('disconnected')>
bleak.exc.BleakError: disconnected
Future exception was never retrieved
future: <Future finished exception=BleakError('disconnected')>
bleak.exc.BleakError: disconnected
Future exception was never retrieved
future: <Future finished exception=BleakError('disconnected')>
bleak.exc.BleakError: disconnected
Future exception was never retrieved
future: <Future finished exception=BleakError('disconnected')>
bleak.exc.BleakError: disconnected
Future exception was never retrieved
future: <Future finished exception=BleakError('disconnected')>
bleak.exc.BleakError: disconnected
Future exception was never retrieved
future: <Future finished exception=BleakError('disconnected')>
bleak.exc.BleakError: disconnected
Future exception was never retrieved
future: <Future finished exception=BleakError('disconnected')>
bleak.exc.BleakError: disconnected
127.0.0.1 - - [14/Sep/2025 10:21:32] "POST /startwalk HTTP/1.1" 200 -
127.0.0.1 - - [14/Sep/2025 10:31:53] "POST /save_and_stop HTTP/1.1" 500 -
127.0.0.1 - - [14/Sep/2025 10:32:02] "POST /save_and_stop HTTP/1.1" 500 -
127.0.0.1 - - [14/Sep/2025 10:32:06] "POST /save_and_stop HTTP/1.1" 500 -
127.0.0.1 - - [14/Sep/2025 10:35:36] "POST /startwalk HTTP/1.1" 500 -
127.0.0.1 - - [14/Sep/2025 11:19:47] "POST /save_and_stop HTTP/1.1" 500 -
127.0.0.1 - - [15/Sep/2025 11:56:18] "POST /startwalk HTTP/1.1" 500 -
127.0.0.1 - - [15/Sep/2025 11:56:23] "POST /save_and_stop HTTP/1.1" 500 -
127.0.0.1 - - [15/Sep/2025 11:59:20] "POST /startwalk HTTP/1.1" 500 -
127.0.0.1 - - [15/Sep/2025 11:59:23] "POST /save_and_stop HTTP/1.1" 500 -
Resolved 74 packages in 8ms
Audited 37 packages in 0.07ms
WARNING: This is a development server. Do not use it in a production deployment. Use a production WSGI server instead.
 * Running on all addresses (0.0.0.0)
 * Running on http://127.0.0.1:5678
 * Running on http://192.168.1.153:5678
Press CTRL+C to quit
127.0.0.1 - - [15/Sep/2025 12:03:36] "POST /startwalk HTTP/1.1" 200 -
127.0.0.1 - - [15/Sep/2025 12:03:50] "POST /save_and_stop HTTP/1.1" 200 -
127.0.0.1 - - [15/Sep/2025 12:03:53] "POST /startwalk HTTP/1.1" 200 -
127.0.0.1 - - [15/Sep/2025 12:04:52] "POST /save_and_stop HTTP/1.1" 200 -
127.0.0.1 - - [15/Sep/2025 12:04:56] "POST /startwalk HTTP/1.1" 200 -
127.0.0.1 - - [15/Sep/2025 12:12:46] "POST /save_and_stop HTTP/1.1" 200 -
Future exception was never retrieved
future: <Future finished exception=BleakError('disconnected')>
bleak.exc.BleakError: disconnected
Future exception was never retrieved
future: <Future finished exception=BleakError('disconnected')>
bleak.exc.BleakError: disconnected
Future exception was never retrieved
future: <Future finished exception=BleakError('disconnected')>
bleak.exc.BleakError: disconnected
Future exception was never retrieved
future: <Future finished exception=BleakError('disconnected')>
bleak.exc.BleakError: disconnected
Future exception was never retrieved
future: <Future finished exception=BleakError('disconnected')>
bleak.exc.BleakError: disconnected
Future exception was never retrieved
future: <Future finished exception=BleakError('disconnected')>
bleak.exc.BleakError: disconnected
Future exception was never retrieved
future: <Future finished exception=BleakError('disconnected')>
bleak.exc.BleakError: disconnected
Future exception was never retrieved
future: <Future finished exception=BleakError('disconnected')>
bleak.exc.BleakError: disconnected
Future exception was never retrieved
future: <Future finished exception=BleakError('disconnected')>
bleak.exc.BleakError: disconnected
Future exception was never retrieved
future: <Future finished exception=BleakError('disconnected')>
bleak.exc.BleakError: disconnected
Future exception was never retrieved
future: <Future finished exception=BleakError('disconnected')>
bleak.exc.BleakError: disconnected
Future exception was never retrieved
future: <Future finished exception=BleakError('disconnected')>
bleak.exc.BleakError: disconnected
Future exception was never retrieved
future: <Future finished exception=BleakError('disconnected')>
bleak.exc.BleakError: disconnected
127.0.0.1 - - [15/Sep/2025 15:45:08] "POST /startwalk HTTP/1.1" 500 -
127.0.0.1 - - [15/Sep/2025 15:46:15] "POST /startwalk HTTP/1.1" 500 -
127.0.0.1 - - [15/Sep/2025 15:46:19] "POST /save_and_stop HTTP/1.1" 500 -
127.0.0.1 - - [15/Sep/2025 15:47:14] "POST /startwalk HTTP/1.1" 500 -
